[06:55:38] [ServerMain/INFO]: Environment: authHost='https://authserver.mojang.com', accountsHost='https://api.mojang.com', sessionHost='https://sessionserver.mojang.com', servicesHost='https://api.minecraftservices.com', name='PROD'
[06:55:41] [ServerMain/INFO]: Loaded 7 recipes
[06:55:42] [Server thread/INFO]: Starting minecraft server version 1.20.1
[06:55:42] [Server thread/INFO]: Loading properties
[06:55:42] [Server thread/INFO]: This server is running Paper version git-Paper-196 (MC: 1.20.1) (Implementing API version 1.20.1-R0.1-SNAPSHOT) (Git: 773dd72)
[06:55:43] [Server thread/INFO]: Server Ping Player Sample Count: 12
[06:55:43] [Server thread/INFO]: Using 4 threads for Netty based IO
[06:55:43] [Server thread/WARN]: [!] The timings profiler has been enabled but has been scheduled for removal from Paper in the future.
    We recommend installing the spark profiler as a replacement: https://spark.lucko.me/
    For more information please visit: https://github.com/PaperMC/Paper/issues/8948
[06:55:43] [Server thread/INFO]: [ChunkTaskScheduler] Chunk system is using 1 I/O threads, 1 worker threads, and gen parallelism of 1 threads
[06:55:44] [Server thread/INFO]: Default game type: SURVIVAL
[06:55:44] [Server thread/INFO]: Generating keypair
[06:55:44] [Server thread/INFO]: Starting Minecraft server on *:25565
[06:55:44] [Server thread/INFO]: Using epoll channel type
[06:55:44] [Server thread/INFO]: Paper: Using libdeflate (Linux x86_64) compression from Velocity.
[06:55:44] [Server thread/INFO]: Paper: Using OpenSSL 1.1.x (Linux x86_64) cipher from Velocity.
[06:55:44] [Server thread/INFO]: Server permissions file permissions.yml is empty, ignoring it
[06:55:44] [Server thread/WARN]: **** SERVER IS RUNNING IN OFFLINE/INSECURE MODE!
[06:55:44] [Server thread/WARN]: The server will make no attempt to authenticate usernames. Beware.
[06:55:44] [Server thread/WARN]: While this makes the game possible to play without internet access, it also opens up the ability for hackers to connect with any username they choose.
[06:55:44] [Server thread/WARN]: To change this, set "online-mode" to "true" in the server.properties file.
[06:55:44] [Server thread/INFO]: Preparing level "world"
[06:55:45] [Server thread/INFO]: Preparing start region for dimension minecraft:overworld
[06:55:46] [Server thread/INFO]: Time elapsed: 510 ms
[06:55:46] [Server thread/INFO]: Preparing start region for dimension minecraft:the_nether
[06:55:46] [Server thread/INFO]: Time elapsed: 168 ms
[06:55:46] [Server thread/INFO]: Preparing start region for dimension minecraft:the_end
[06:55:46] [Server thread/INFO]: Time elapsed: 161 ms
[06:55:46] [Server thread/INFO]: Running delayed init tasks
[06:55:46] [Server thread/INFO]: Done (4.778s)! For help, type "help"
[06:55:46] [Server thread/INFO]: Timings Reset
[06:55:57] [Server thread/WARN]: Can't keep up! Is the server overloaded? Running 5148ms or 102 ticks behind
[06:58:44] [Server thread/INFO]: [Not Secure] [Server] h
[07:00:07] [Server thread/INFO]: Stopping the server
[07:00:07] [Server thread/INFO]: Stopping server
[07:00:07] [Server thread/INFO]: Saving players
[07:00:07] [Server thread/INFO]: Saving worlds
[07:00:07] [Server thread/INFO]: Saving chunks for level 'ServerLevel[world]'/minecraft:overworld
[07:00:07] [Server thread/INFO]: [ChunkHolderManager] Waiting 60s for chunk system to halt for world 'world'
[07:00:07] [Server thread/INFO]: [ChunkHolderManager] Halted chunk system for world 'world'
[07:00:07] [Server thread/INFO]: [ChunkHolderManager] Saving all chunkholders for world 'world'
[07:00:09] [Server thread/INFO]: [ChunkHolderManager] Saved 529 block chunks, 529 entity chunks, 0 poi chunks in world 'world' in 1.83s
[07:00:09] [Server thread/INFO]: ThreadedAnvilChunkStorage (world): All chunks are saved
[07:00:09] [Server thread/INFO]: Saving chunks for level 'ServerLevel[world_nether]'/minecraft:the_nether
[07:00:09] [Server thread/INFO]: [ChunkHolderManager] Waiting 60s for chunk system to halt for world 'world_nether'
[07:00:09] [Server thread/INFO]: [ChunkHolderManager] Halted chunk system for world 'world_nether'
[07:00:09] [Server thread/INFO]: [ChunkHolderManager] Saving all chunkholders for world 'world_nether'
[07:00:10] [Server thread/INFO]: [ChunkHolderManager] Saved 529 block chunks, 529 entity chunks, 0 poi chunks in world 'world_nether' in 1.22s
[07:00:10] [Server thread/INFO]: ThreadedAnvilChunkStorage (DIM-1): All chunks are saved
[07:00:10] [Server thread/INFO]: Saving chunks for level 'ServerLevel[world_the_end]'/minecraft:the_end
[07:00:10] [Server thread/INFO]: [ChunkHolderManager] Waiting 60s for chunk system to halt for world 'world_the_end'
[07:00:10] [Server thread/INFO]: [ChunkHolderManager] Halted chunk system for world 'world_the_end'
[07:00:10] [Server thread/INFO]: [ChunkHolderManager] Saving all chunkholders for world 'world_the_end'
[07:00:11] [Server thread/INFO]: [ChunkHolderManager] Saved 529 block chunks, 529 entity chunks, 0 poi chunks in world 'world_the_end' in 0.60s
[07:00:11] [Server thread/INFO]: ThreadedAnvilChunkStorage (DIM1): All chunks are saved
[07:00:11] [Server thread/INFO]: ThreadedAnvilChunkStorage: All dimensions are saved
[07:00:11] [Server thread/INFO]: Flushing Chunk IO
[07:00:11] [Server thread/INFO]: Closing Thread Pool
[07:00:11] [Server thread/INFO]: Closing Server
